<?xml version="1.0" encoding="UTF-8"?>
<!-- Generated by org.testng.reporters.JUnitReportReporter -->
<testsuite skipped="0" hostname="DESKTOP-P78A6RN" name="testpackage.test1" tests="1" failures="0" timestamp="24 Aug 2021 15:24:59 GMT" time="21.209" errors="0">
  <testcase name="loginNow" time="21.209" classname="testpackage.test1"/>
</testsuite> <!-- testpackage.test1 -->
